0 info it worked if it ends with ok
1 verbose cli [ '/Users/julaud/.nvm/versions/node/v6.2.0/bin/node',
1 verbose cli   '/Users/julaud/.nvm/versions/node/v6.2.0/bin/npm',
1 verbose cli   'start' ]
2 info using npm@3.8.9
3 info using node@v6.2.0
4 verbose run-script [ 'prestart', 'start', 'poststart' ]
5 info lifecycle panli-page-demo@1.0.0~prestart: panli-page-demo@1.0.0
6 silly lifecycle panli-page-demo@1.0.0~prestart: no script for prestart, continuing
7 info lifecycle panli-page-demo@1.0.0~start: panli-page-demo@1.0.0
8 verbose lifecycle panli-page-demo@1.0.0~start: unsafe-perm in lifecycle true
9 verbose lifecycle panli-page-demo@1.0.0~start: PATH: /Users/julaud/.nvm/versions/node/v6.2.0/lib/node_modules/npm/bin/node-gyp-bin:/Users/julaud/www/panli/frontend/special/page-demo/node_modules/.bin:/Users/julaud/.nvm/versions/node/v6.2.0/bin:/Users/julaud/bin:/usr/local/bin:/Users/julaud/bin:/Users/julaud/go/bin:/Users/julaud/.nvm/versions/node/v6.2.0/bin:/usr/local/mongodb/bin:/usr/local/bin:/usr/bin:/bin:/usr/sbin:/sbin
10 verbose lifecycle panli-page-demo@1.0.0~start: CWD: /Users/julaud/www/panli/frontend/special/page-demo
11 silly lifecycle panli-page-demo@1.0.0~start: Args: [ '-c', 'gulp' ]
12 silly lifecycle panli-page-demo@1.0.0~start: Returned: code: 1  signal: null
13 info lifecycle panli-page-demo@1.0.0~start: Failed to exec start script
14 verbose stack Error: panli-page-demo@1.0.0 start: `gulp`
14 verbose stack Exit status 1
14 verbose stack     at EventEmitter.<anonymous> (/Users/julaud/.nvm/versions/node/v6.2.0/lib/node_modules/npm/lib/utils/lifecycle.js:245:16)
14 verbose stack     at emitTwo (events.js:106:13)
14 verbose stack     at EventEmitter.emit (events.js:191:7)
14 verbose stack     at ChildProcess.<anonymous> (/Users/julaud/.nvm/versions/node/v6.2.0/lib/node_modules/npm/lib/utils/spawn.js:24:14)
14 verbose stack     at emitTwo (events.js:106:13)
14 verbose stack     at ChildProcess.emit (events.js:191:7)
14 verbose stack     at maybeClose (internal/child_process.js:850:16)
14 verbose stack     at Process.ChildProcess._handle.onexit (internal/child_process.js:215:5)
15 verbose pkgid panli-page-demo@1.0.0
16 verbose cwd /Users/julaud/www/panli/frontend/special/page-demo
17 error Darwin 15.4.0
18 error argv "/Users/julaud/.nvm/versions/node/v6.2.0/bin/node" "/Users/julaud/.nvm/versions/node/v6.2.0/bin/npm" "start"
19 error node v6.2.0
20 error npm  v3.8.9
21 error code ELIFECYCLE
22 error panli-page-demo@1.0.0 start: `gulp`
22 error Exit status 1
23 error Failed at the panli-page-demo@1.0.0 start script 'gulp'.
23 error Make sure you have the latest version of node.js and npm installed.
23 error If you do, this is most likely a problem with the panli-page-demo package,
23 error not with npm itself.
23 error Tell the author that this fails on your system:
23 error     gulp
23 error You can get information on how to open an issue for this project with:
23 error     npm bugs panli-page-demo
23 error Or if that isn't available, you can get their info via:
23 error     npm owner ls panli-page-demo
23 error There is likely additional logging output above.
24 verbose exit [ 1, true ]
